c:\users\최현산\desktop\2022-1학기\cg_hw2_b877039_chs - 복사본 (2)\cg_hw2_b877039_chs\debug\vc142.pdb
c:\users\최현산\desktop\2022-1학기\cg_hw2_b877039_chs - 복사본 (2)\cg_hw2_b877039_chs\debug\vc142.idb
c:\users\최현산\desktop\2022-1학기\cg_hw2_b877039_chs - 복사본 (2)\cg_hw2_b877039_chs\debug\textureshaderclass.obj
c:\users\최현산\desktop\2022-1학기\cg_hw2_b877039_chs - 복사본 (2)\cg_hw2_b877039_chs\debug\textureclass.obj
c:\users\최현산\desktop\2022-1학기\cg_hw2_b877039_chs - 복사본 (2)\cg_hw2_b877039_chs\debug\systemclass.obj
c:\users\최현산\desktop\2022-1학기\cg_hw2_b877039_chs - 복사본 (2)\cg_hw2_b877039_chs\debug\modelclass.obj
c:\users\최현산\desktop\2022-1학기\cg_hw2_b877039_chs - 복사본 (2)\cg_hw2_b877039_chs\debug\main.obj
c:\users\최현산\desktop\2022-1학기\cg_hw2_b877039_chs - 복사본 (2)\cg_hw2_b877039_chs\debug\inputclass.obj
c:\users\최현산\desktop\2022-1학기\cg_hw2_b877039_chs - 복사본 (2)\cg_hw2_b877039_chs\debug\graphicsclass.obj
c:\users\최현산\desktop\2022-1학기\cg_hw2_b877039_chs - 복사본 (2)\cg_hw2_b877039_chs\debug\ddstextureloader.obj
c:\users\최현산\desktop\2022-1학기\cg_hw2_b877039_chs - 복사본 (2)\cg_hw2_b877039_chs\debug\d3dclass.obj
c:\users\최현산\desktop\2022-1학기\cg_hw2_b877039_chs - 복사본 (2)\cg_hw2_b877039_chs\debug\colorshaderclass.obj
c:\users\최현산\desktop\2022-1학기\cg_hw2_b877039_chs - 복사본 (2)\cg_hw2_b877039_chs\debug\cameraclass.obj
c:\users\최현산\desktop\2022-1학기\cg_hw2_b877039_chs - 복사본 (2)\cg_hw2_b877039_chs\debug\lightshaderclass.obj
c:\users\최현산\desktop\2022-1학기\cg_hw2_b877039_chs - 복사본 (2)\cg_hw2_b877039_chs\debug\lightclass.obj
c:\users\최현산\desktop\2022-1학기\cg_hw2_b877039_chs - 복사본 (2)\debug\cg_hw2_b877039_chs.exe
c:\users\최현산\desktop\2022-1학기\cg_hw2_b877039_chs - 복사본 (2)\cg_hw2_b877039_chs\debug\cg_hw2_b877039_chs.ilk
c:\users\최현산\desktop\2022-1학기\cg_hw2_b877039_chs - 복사본 (2)\debug\cg_hw2_b877039_chs.pdb
c:\users\최현산\desktop\2022-1학기\cg_hw2_b877039_chs - 복사본 (2)\cg_hw2_b877039_chs\debug\cg_hw2_b.46ef3be6.tlog\cl.command.1.tlog
c:\users\최현산\desktop\2022-1학기\cg_hw2_b877039_chs - 복사본 (2)\cg_hw2_b877039_chs\debug\cg_hw2_b.46ef3be6.tlog\cl.read.1.tlog
c:\users\최현산\desktop\2022-1학기\cg_hw2_b877039_chs - 복사본 (2)\cg_hw2_b877039_chs\debug\cg_hw2_b.46ef3be6.tlog\cl.write.1.tlog
c:\users\최현산\desktop\2022-1학기\cg_hw2_b877039_chs - 복사본 (2)\cg_hw2_b877039_chs\debug\cg_hw2_b.46ef3be6.tlog\link.command.1.tlog
c:\users\최현산\desktop\2022-1학기\cg_hw2_b877039_chs - 복사본 (2)\cg_hw2_b877039_chs\debug\cg_hw2_b.46ef3be6.tlog\link.read.1.tlog
c:\users\최현산\desktop\2022-1학기\cg_hw2_b877039_chs - 복사본 (2)\cg_hw2_b877039_chs\debug\cg_hw2_b.46ef3be6.tlog\link.write.1.tlog
