c:\users\최현산\desktop\study\cgp\cgp\cgp\x64\debug\vc142.pdb
c:\users\최현산\desktop\study\cgp\cgp\cgp\x64\debug\vc142.idb
c:\users\최현산\desktop\study\cgp\cgp\cgp\x64\debug\lightshaderclass.obj
c:\users\최현산\desktop\study\cgp\cgp\cgp\x64\debug\lightclass.obj
c:\users\최현산\desktop\study\cgp\cgp\cgp\x64\debug\inputclass.obj
c:\users\최현산\desktop\study\cgp\cgp\cgp\x64\debug\graphicsclass.obj
c:\users\최현산\desktop\study\cgp\cgp\cgp\x64\debug\gamemgr.obj
c:\users\최현산\desktop\study\cgp\cgp\cgp\x64\debug\fontshaderclass.obj
c:\users\최현산\desktop\study\cgp\cgp\cgp\x64\debug\fontclass.obj
c:\users\최현산\desktop\study\cgp\cgp\cgp\x64\debug\fireshaderclass.obj
c:\users\최현산\desktop\study\cgp\cgp\cgp\x64\debug\fire.obj
c:\users\최현산\desktop\study\cgp\cgp\cgp\x64\debug\eventmgr.obj
c:\users\최현산\desktop\study\cgp\cgp\cgp\x64\debug\enemy.obj
c:\users\최현산\desktop\study\cgp\cgp\cgp\x64\debug\effectclass.obj
c:\users\최현산\desktop\study\cgp\cgp\cgp\x64\debug\ddstextureloader.obj
c:\users\최현산\desktop\study\cgp\cgp\cgp\x64\debug\d3dclass.obj
c:\users\최현산\desktop\study\cgp\cgp\cgp\x64\debug\colorshaderclass.obj
c:\users\최현산\desktop\study\cgp\cgp\cgp\x64\debug\collisionmgr.obj
c:\users\최현산\desktop\study\cgp\cgp\cgp\x64\debug\collider.obj
c:\users\최현산\desktop\study\cgp\cgp\cgp\x64\debug\cameraclass.obj
c:\users\최현산\desktop\study\cgp\cgp\cgp\x64\debug\bomb.obj
c:\users\최현산\desktop\study\cgp\cgp\cgp\x64\debug\bitmapclass.obj
c:\users\최현산\desktop\study\cgp\cgp\cgp\x64\debug\wall.obj
c:\users\최현산\desktop\study\cgp\cgp\cgp\x64\debug\title_scene.obj
c:\users\최현산\desktop\study\cgp\cgp\cgp\x64\debug\timemgr.obj
c:\users\최현산\desktop\study\cgp\cgp\cgp\x64\debug\textureshaderclass.obj
c:\users\최현산\desktop\study\cgp\cgp\cgp\x64\debug\textureclass.obj
c:\users\최현산\desktop\study\cgp\cgp\cgp\x64\debug\textclass.obj
c:\users\최현산\desktop\study\cgp\cgp\cgp\x64\debug\systemclass.obj
c:\users\최현산\desktop\study\cgp\cgp\cgp\x64\debug\stage01_scene.obj
c:\users\최현산\desktop\study\cgp\cgp\cgp\x64\debug\scenemgr.obj
c:\users\최현산\desktop\study\cgp\cgp\cgp\x64\debug\scene.obj
c:\users\최현산\desktop\study\cgp\cgp\cgp\x64\debug\player.obj
c:\users\최현산\desktop\study\cgp\cgp\cgp\x64\debug\modelclass.obj
c:\users\최현산\desktop\study\cgp\cgp\cgp\x64\debug\main.obj
c:\users\최현산\desktop\study\cgp\cgp\x64\debug\cgp.exe
c:\users\최현산\desktop\study\cgp\cgp\cgp\x64\debug\cgp.ilk
c:\users\최현산\desktop\study\cgp\cgp\x64\debug\cgp.pdb
c:\users\최현산\desktop\study\cgp\cgp\cgp\x64\debug\collidermgr.obj
c:\users\최현산\desktop\study\cgp\cgp\cgp\x64\debug\cgp.tlog\cl.command.1.tlog
c:\users\최현산\desktop\study\cgp\cgp\cgp\x64\debug\cgp.tlog\cl.read.1.tlog
c:\users\최현산\desktop\study\cgp\cgp\cgp\x64\debug\cgp.tlog\cl.write.1.tlog
c:\users\최현산\desktop\study\cgp\cgp\cgp\x64\debug\cgp.tlog\link.command.1.tlog
c:\users\최현산\desktop\study\cgp\cgp\cgp\x64\debug\cgp.tlog\link.read.1.tlog
c:\users\최현산\desktop\study\cgp\cgp\cgp\x64\debug\cgp.tlog\link.write.1.tlog
